2026-03-21T17:38:19: PM2 log: ===============================================================================
2026-03-21T17:38:19: PM2 log: --- New PM2 Daemon started ----------------------------------------------------
2026-03-21T17:38:19: PM2 log: Time                 : Sat Mar 21 2026 17:38:19 GMT+0000 (Coordinated Universal Time)
2026-03-21T17:38:19: PM2 log: PM2 version          : 6.0.14
2026-03-21T17:38:19: PM2 log: Node.js version      : 20.20.1
2026-03-21T17:38:19: PM2 log: Current arch         : x64
2026-03-21T17:38:19: PM2 log: PM2 home             : /root/.pm2
2026-03-21T17:38:19: PM2 log: PM2 PID file         : /root/.pm2/pm2.pid
2026-03-21T17:38:19: PM2 log: RPC socket file      : /root/.pm2/rpc.sock
2026-03-21T17:38:19: PM2 log: BUS socket file      : /root/.pm2/pub.sock
2026-03-21T17:38:19: PM2 log: Application log path : /root/.pm2/logs
2026-03-21T17:38:19: PM2 log: Worker Interval      : 30000
2026-03-21T17:38:19: PM2 log: Process dump file    : /root/.pm2/dump.pm2
2026-03-21T17:38:19: PM2 log: Concurrent actions   : 2
2026-03-21T17:38:19: PM2 log: SIGTERM timeout      : 1600
2026-03-21T17:38:19: PM2 log: Runtime Binary       : /usr/bin/node
2026-03-21T17:38:19: PM2 log: ===============================================================================
2026-03-21T17:38:19: PM2 log: App [cortexbuild-api:0] starting in -fork mode-
2026-03-21T17:38:19: PM2 log: App [cortexbuild-api:0] online
2026-03-21T17:38:35: PM2 log: Stopping app:cortexbuild-api id:0
2026-03-21T17:38:35: PM2 log: App [cortexbuild-api:0] exited with code [0] via signal [SIGINT]
2026-03-21T17:38:35: PM2 log: pid=13355 msg=process killed
2026-03-21T17:38:35: PM2 log: App [cortexbuild-api:0] starting in -fork mode-
2026-03-21T17:38:35: PM2 log: App [cortexbuild-api:0] online
2026-03-21T17:39:33: PM2 log: Stopping app:cortexbuild-api id:0
2026-03-21T17:39:33: PM2 log: App [cortexbuild-api:0] exited with code [0] via signal [SIGINT]
2026-03-21T17:39:33: PM2 log: pid=13425 msg=process killed
2026-03-21T17:39:33: PM2 log: App [cortexbuild-api:0] starting in -fork mode-
2026-03-21T17:39:33: PM2 log: App [cortexbuild-api:0] online
2026-03-21T17:40:43: PM2 log: Stopping app:cortexbuild-api id:0
2026-03-21T17:40:43: PM2 log: App [cortexbuild-api:0] exited with code [0] via signal [SIGINT]
2026-03-21T17:40:43: PM2 log: pid=13602 msg=process killed
2026-03-21T17:40:43: PM2 log: App [cortexbuild-api:0] starting in -fork mode-
2026-03-21T17:40:43: PM2 log: App [cortexbuild-api:0] online
2026-03-21T17:44:00: PM2 log: Stopping app:cortexbuild-api id:0
2026-03-21T17:44:00: PM2 log: App [cortexbuild-api:0] exited with code [0] via signal [SIGINT]
2026-03-21T17:44:00: PM2 log: pid=13781 msg=process killed
2026-03-21T17:44:00: PM2 log: App [cortexbuild-api:0] starting in -fork mode-
2026-03-21T17:44:00: PM2 log: App [cortexbuild-api:0] online
2026-03-21T17:49:04: PM2 log: Stopping app:cortexbuild-api id:0
2026-03-21T17:49:04: PM2 log: App [cortexbuild-api:0] exited with code [0] via signal [SIGINT]
2026-03-21T17:49:04: PM2 log: pid=14230 msg=process killed
2026-03-21T17:49:04: PM2 log: App [cortexbuild-api:0] starting in -fork mode-
2026-03-21T17:49:04: PM2 log: App [cortexbuild-api:0] online
2026-03-21T17:52:02: PM2 log: Stopping app:cortexbuild-api id:0
2026-03-21T17:52:02: PM2 log: App [cortexbuild-api:0] exited with code [0] via signal [SIGINT]
2026-03-21T17:52:03: PM2 log: pid=14995 msg=process killed
2026-03-21T17:52:03: PM2 log: App [cortexbuild-api:0] starting in -fork mode-
2026-03-21T17:52:03: PM2 log: App [cortexbuild-api:0] online
2026-03-21T17:52:34: PM2 log: Stopping app:cortexbuild-api id:0
2026-03-21T17:52:34: PM2 log: App [cortexbuild-api:0] exited with code [0] via signal [SIGINT]
2026-03-21T17:52:34: PM2 log: pid=15458 msg=process killed
2026-03-21T17:52:34: PM2 log: App [cortexbuild-api:0] starting in -fork mode-
2026-03-21T17:52:34: PM2 log: App [cortexbuild-api:0] online
2026-03-21T17:59:06: PM2 log: Stopping app:cortexbuild-api id:0
2026-03-21T17:59:06: PM2 log: App [cortexbuild-api:0] exited with code [0] via signal [SIGINT]
2026-03-21T17:59:06: PM2 log: pid=15578 msg=process killed
2026-03-21T17:59:06: PM2 log: App [cortexbuild-api:0] starting in -fork mode-
2026-03-21T17:59:06: PM2 log: App [cortexbuild-api:0] online
2026-03-21T20:42:52: PM2 log: Stopping app:cortexbuild-api id:0
2026-03-21T20:42:52: PM2 log: App [cortexbuild-api:0] exited with code [0] via signal [SIGINT]
2026-03-21T20:42:52: PM2 log: pid=16164 msg=process killed
2026-03-21T20:42:52: PM2 log: App [cortexbuild-api:0] starting in -fork mode-
2026-03-21T20:42:52: PM2 log: App [cortexbuild-api:0] online
2026-03-21T21:32:18: PM2 log: App [cortexbuild-api:0] exited with code [0] via signal [SIGTERM]
2026-03-21T21:32:18: PM2 log: App [cortexbuild-api:0] starting in -fork mode-
2026-03-21T21:32:18: PM2 log: App [cortexbuild-api:0] online
2026-03-21T21:35:21: PM2 log: App [cortexbuild-api:0] exited with code [0] via signal [SIGTERM]
2026-03-21T21:35:21: PM2 log: App [cortexbuild-api:0] starting in -fork mode-
2026-03-21T21:35:21: PM2 log: App [cortexbuild-api:0] online
2026-03-21T21:49:31: PM2 log: Stopping app:cortexbuild-api id:0
2026-03-21T21:49:31: PM2 log: App [cortexbuild-api:0] exited with code [0] via signal [SIGINT]
2026-03-21T21:49:32: PM2 log: pid=37399 msg=process killed
2026-03-21T21:49:32: PM2 log: App [cortexbuild-api:0] starting in -fork mode-
2026-03-21T21:49:32: PM2 log: App [cortexbuild-api:0] online
2026-03-21T21:49:32: PM2 log: App [cortexbuild-api:0] exited with code [1] via signal [SIGINT]
2026-03-21T21:49:32: PM2 log: App [cortexbuild-api:0] starting in -fork mode-
2026-03-21T21:49:32: PM2 log: App [cortexbuild-api:0] online
2026-03-21T21:49:32: PM2 log: App [cortexbuild-api:0] exited with code [1] via signal [SIGINT]
2026-03-21T21:49:32: PM2 log: App [cortexbuild-api:0] starting in -fork mode-
2026-03-21T21:49:32: PM2 log: App [cortexbuild-api:0] online
2026-03-21T21:49:32: PM2 log: App [cortexbuild-api:0] exited with code [1] via signal [SIGINT]
2026-03-21T21:49:32: PM2 log: App [cortexbuild-api:0] starting in -fork mode-
2026-03-21T21:49:32: PM2 log: App [cortexbuild-api:0] online
2026-03-21T21:49:32: PM2 log: App [cortexbuild-api:0] exited with code [1] via signal [SIGINT]
2026-03-21T21:49:32: PM2 log: App [cortexbuild-api:0] starting in -fork mode-
2026-03-21T21:49:32: PM2 log: App [cortexbuild-api:0] online
2026-03-21T21:49:33: PM2 log: App [cortexbuild-api:0] exited with code [1] via signal [SIGINT]
2026-03-21T21:49:33: PM2 log: App [cortexbuild-api:0] starting in -fork mode-
2026-03-21T21:49:33: PM2 log: App [cortexbuild-api:0] online
2026-03-21T21:49:33: PM2 log: App [cortexbuild-api:0] exited with code [1] via signal [SIGINT]
2026-03-21T21:49:33: PM2 log: App [cortexbuild-api:0] starting in -fork mode-
2026-03-21T21:49:33: PM2 log: App [cortexbuild-api:0] online
2026-03-21T21:49:33: PM2 log: App [cortexbuild-api:0] exited with code [1] via signal [SIGINT]
2026-03-21T21:49:33: PM2 log: App [cortexbuild-api:0] starting in -fork mode-
2026-03-21T21:49:33: PM2 log: App [cortexbuild-api:0] online
2026-03-21T21:49:33: PM2 log: App [cortexbuild-api:0] exited with code [1] via signal [SIGINT]
2026-03-21T21:49:33: PM2 log: App [cortexbuild-api:0] starting in -fork mode-
2026-03-21T21:49:33: PM2 log: App [cortexbuild-api:0] online
2026-03-21T21:49:33: PM2 log: App [cortexbuild-api:0] exited with code [1] via signal [SIGINT]
2026-03-21T21:49:33: PM2 log: App [cortexbuild-api:0] starting in -fork mode-
2026-03-21T21:49:33: PM2 log: App [cortexbuild-api:0] online
2026-03-21T21:49:34: PM2 log: App [cortexbuild-api:0] exited with code [1] via signal [SIGINT]
2026-03-21T21:49:34: PM2 log: App [cortexbuild-api:0] starting in -fork mode-
2026-03-21T21:49:34: PM2 log: App [cortexbuild-api:0] online
2026-03-21T21:49:34: PM2 log: App [cortexbuild-api:0] exited with code [1] via signal [SIGINT]
2026-03-21T21:49:34: PM2 log: App [cortexbuild-api:0] starting in -fork mode-
2026-03-21T21:49:34: PM2 log: App [cortexbuild-api:0] online
2026-03-21T21:49:34: PM2 log: App [cortexbuild-api:0] exited with code [1] via signal [SIGINT]
2026-03-21T21:49:34: PM2 log: App [cortexbuild-api:0] starting in -fork mode-
2026-03-21T21:49:34: PM2 log: App [cortexbuild-api:0] online
2026-03-21T21:49:34: PM2 log: App [cortexbuild-api:0] exited with code [1] via signal [SIGINT]
2026-03-21T21:49:34: PM2 log: App [cortexbuild-api:0] starting in -fork mode-
2026-03-21T21:49:34: PM2 log: App [cortexbuild-api:0] online
2026-03-21T21:49:35: PM2 log: App [cortexbuild-api:0] exited with code [1] via signal [SIGINT]
2026-03-21T21:49:35: PM2 log: App [cortexbuild-api:0] starting in -fork mode-
2026-03-21T21:49:35: PM2 log: App [cortexbuild-api:0] online
2026-03-21T21:49:35: PM2 log: App [cortexbuild-api:0] exited with code [1] via signal [SIGINT]
2026-03-21T21:49:35: PM2 log: App [cortexbuild-api:0] starting in -fork mode-
2026-03-21T21:49:35: PM2 log: App [cortexbuild-api:0] online
2026-03-21T21:49:35: PM2 log: App [cortexbuild-api:0] exited with code [1] via signal [SIGINT]
2026-03-21T21:49:35: PM2 log: Script /var/www/cortexbuild-ultimate/server/index.js had too many unstable restarts (16). Stopped. "errored"
2026-03-21T21:50:08: PM2 log: App [cortexbuild-api:0] starting in -fork mode-
2026-03-21T21:50:08: PM2 log: App [cortexbuild-api:0] online
2026-03-21T21:50:49: PM2 log: Stopping app:cortexbuild-api id:0
2026-03-21T21:50:49: PM2 log: App [cortexbuild-api:0] exited with code [0] via signal [SIGINT]
2026-03-21T21:50:49: PM2 log: pid=39150 msg=process killed
2026-03-21T21:50:49: PM2 log: App [cortexbuild-api:0] starting in -fork mode-
2026-03-21T21:50:49: PM2 log: App [cortexbuild-api:0] online
2026-03-21T21:54:50: PM2 log: Stopping app:cortexbuild-api id:0
2026-03-21T21:54:50: PM2 log: App [cortexbuild-api:0] exited with code [0] via signal [SIGINT]
2026-03-21T21:54:50: PM2 log: pid=39365 msg=process killed
2026-03-21T21:54:50: PM2 log: App [cortexbuild-api:0] starting in -fork mode-
2026-03-21T21:54:50: PM2 log: App [cortexbuild-api:0] online
2026-03-21T22:26:26: PM2 log: Stopping app:cortexbuild-api id:0
2026-03-21T22:26:26: PM2 log: App [cortexbuild-api:0] exited with code [0] via signal [SIGINT]
2026-03-21T22:26:26: PM2 log: pid=40476 msg=process killed
2026-03-21T22:26:26: PM2 log: App [cortexbuild-api:0] starting in -fork mode-
2026-03-21T22:26:26: PM2 log: App [cortexbuild-api:0] online
2026-03-21T22:40:18: PM2 log: Stopping app:cortexbuild-api id:0
2026-03-21T22:40:18: PM2 log: App [cortexbuild-api:0] exited with code [0] via signal [SIGINT]
2026-03-21T22:40:19: PM2 log: pid=46948 msg=process killed
2026-03-21T22:40:19: PM2 log: App [cortexbuild-api:0] starting in -fork mode-
2026-03-21T22:40:19: PM2 log: App [cortexbuild-api:0] online
2026-03-21T22:44:02: PM2 log: Stopping app:cortexbuild-api id:0
2026-03-21T22:44:02: PM2 log: App [cortexbuild-api:0] exited with code [0] via signal [SIGINT]
2026-03-21T22:44:02: PM2 log: pid=48743 msg=process killed
2026-03-21T22:44:02: PM2 log: App [cortexbuild-api:0] starting in -fork mode-
2026-03-21T22:44:02: PM2 log: App [cortexbuild-api:0] online
2026-03-21T22:59:17: PM2 log: Stopping app:cortexbuild-api id:0
2026-03-21T22:59:17: PM2 log: App [cortexbuild-api:0] exited with code [0] via signal [SIGINT]
2026-03-21T22:59:18: PM2 log: pid=49425 msg=process killed
2026-03-21T22:59:18: PM2 log: App [cortexbuild-api:0] starting in -fork mode-
2026-03-21T22:59:18: PM2 log: App [cortexbuild-api:0] online
2026-03-21T23:24:23: PM2 log: Stopping app:cortexbuild-api id:0
2026-03-21T23:24:23: PM2 log: App [cortexbuild-api:0] exited with code [0] via signal [SIGINT]
2026-03-21T23:24:23: PM2 log: pid=52952 msg=process killed
2026-03-21T23:24:23: PM2 log: App [cortexbuild-api:0] starting in -fork mode-
2026-03-21T23:24:23: PM2 log: App [cortexbuild-api:0] online
2026-03-21T23:28:20: PM2 log: Stopping app:cortexbuild-api id:0
2026-03-21T23:28:20: PM2 log: App [cortexbuild-api:0] exited with code [0] via signal [SIGINT]
2026-03-21T23:28:20: PM2 log: pid=55878 msg=process killed
2026-03-21T23:28:20: PM2 log: App [cortexbuild-api:0] starting in -fork mode-
2026-03-21T23:28:20: PM2 log: App [cortexbuild-api:0] online
2026-03-21T23:37:18: PM2 log: Stopping app:cortexbuild-api id:0
2026-03-21T23:37:18: PM2 log: App [cortexbuild-api:0] exited with code [0] via signal [SIGINT]
2026-03-21T23:37:18: PM2 log: pid=56334 msg=process killed
2026-03-21T23:37:18: PM2 log: App [cortexbuild-api:0] starting in -fork mode-
2026-03-21T23:37:18: PM2 log: App [cortexbuild-api:0] online
2026-03-22T03:30:00: PM2 log: Stopping app:cortexbuild-api id:0
2026-03-22T03:30:00: PM2 log: App [cortexbuild-api:0] exited with code [0] via signal [SIGINT]
2026-03-22T03:30:00: PM2 log: pid=57007 msg=process killed
2026-03-22T03:30:00: PM2 log: App [cortexbuild-api:0] starting in -fork mode-
2026-03-22T03:30:00: PM2 log: App [cortexbuild-api:0] online
2026-03-22T03:56:28: PM2 log: Stopping app:cortexbuild-api id:0
2026-03-22T03:56:28: PM2 log: App [cortexbuild-api:0] exited with code [0] via signal [SIGINT]
2026-03-22T03:56:28: PM2 log: pid=188068 msg=process killed
2026-03-22T03:56:28: PM2 log: App [cortexbuild-api:0] starting in -fork mode-
2026-03-22T03:56:28: PM2 log: App [cortexbuild-api:0] online
2026-03-22T04:09:06: PM2 log: Stopping app:cortexbuild-api id:0
2026-03-22T04:09:06: PM2 log: App [cortexbuild-api:0] exited with code [0] via signal [SIGINT]
2026-03-22T04:09:06: PM2 log: pid=189440 msg=process killed
2026-03-22T04:09:06: PM2 log: App [cortexbuild-api:0] starting in -fork mode-
2026-03-22T04:09:06: PM2 log: App [cortexbuild-api:0] online
2026-03-22T04:16:14: PM2 log: Stopping app:cortexbuild-api id:0
2026-03-22T04:16:14: PM2 log: App [cortexbuild-api:0] exited with code [0] via signal [SIGINT]
2026-03-22T04:16:14: PM2 log: pid=189850 msg=process killed
2026-03-22T04:16:14: PM2 log: App [cortexbuild-api:0] starting in -fork mode-
2026-03-22T04:16:14: PM2 log: App [cortexbuild-api:0] online
2026-03-22T04:18:31: PM2 log: Stopping app:cortexbuild-api id:0
2026-03-22T04:18:31: PM2 log: App [cortexbuild-api:0] exited with code [0] via signal [SIGINT]
2026-03-22T04:18:31: PM2 log: pid=190214 msg=process killed
2026-03-22T04:18:31: PM2 log: App [cortexbuild-api:0] starting in -fork mode-
2026-03-22T04:18:31: PM2 log: App [cortexbuild-api:0] online
2026-03-22T04:30:51: PM2 log: Stopping app:cortexbuild-api id:0
2026-03-22T04:30:51: PM2 log: App [cortexbuild-api:0] exited with code [0] via signal [SIGINT]
2026-03-22T04:30:51: PM2 log: pid=190385 msg=process killed
2026-03-22T04:30:51: PM2 log: App [cortexbuild-api:0] starting in -fork mode-
2026-03-22T04:30:51: PM2 log: App [cortexbuild-api:0] online
2026-03-22T04:33:46: PM2 log: Stopping app:cortexbuild-api id:0
2026-03-22T04:33:46: PM2 log: App [cortexbuild-api:0] exited with code [0] via signal [SIGINT]
2026-03-22T04:33:46: PM2 log: pid=191008 msg=process killed
2026-03-22T04:33:46: PM2 log: App [cortexbuild-api:0] starting in -fork mode-
2026-03-22T04:33:46: PM2 log: App [cortexbuild-api:0] online
