0 verbose cli /root/.nvm/versions/node/v24.14.0/bin/node /root/.nvm/versions/node/v24.14.0/lib/node_modules/npm/bin/npm-cli.js
1 info using npm@11.9.0
2 info using node@v24.14.0
3 silly config load:file:/root/.nvm/versions/node/v24.14.0/lib/node_modules/npm/npmrc
4 silly config load:file:/var/www/cortexbuild-ultimate/.npmrc
5 silly config load:file:/root/.npmrc
6 silly config load:file:/root/.nvm/versions/node/v24.14.0/etc/npmrc
7 verbose title npm exec prettier --check src/components/modules/FinancialReports.tsx
8 verbose argv "exec" "--" "prettier" "--check" "src/components/modules/FinancialReports.tsx"
9 verbose logfile logs-max:10 dir:/root/.npm/_logs/2026-03-22T10_04_36_964Z-
10 verbose logfile /root/.npm/_logs/2026-03-22T10_04_36_964Z-debug-0.log
11 silly logfile start cleaning logs, removing 1 files
12 silly logfile done cleaning log files
13 silly packumentCache heap:4496293888 maxSize:1124073472 maxEntrySize:562036736
14 http fetch GET 200 https://registry.npmjs.org/prettier 129ms (cache miss)
15 silly packumentCache heap:4496293888 maxSize:1124073472 maxEntrySize:562036736
16 silly packumentCache heap:4496293888 maxSize:1124073472 maxEntrySize:562036736
17 warn exec The following package was not found and will be installed: prettier@3.8.1
18 silly idealTree buildDeps
19 silly fetch manifest prettier@3.8.1
20 silly packumentCache full:https://registry.npmjs.org/prettier cache-miss
21 http fetch GET 200 https://registry.npmjs.org/prettier 47ms (cache miss)
22 silly packumentCache full:https://registry.npmjs.org/prettier set size:undefined disposed:false
23 silly placeDep ROOT prettier@3.8.1 OK for:  want: 3.8.1
24 silly reify moves {}
25 silly audit bulk request { prettier: [ '3.8.1' ] }
26 http cache prettier@https://registry.npmjs.org/prettier/-/prettier-3.8.1.tgz 0ms (cache hit)
27 silly tarball no local data for prettier@https://registry.npmjs.org/prettier/-/prettier-3.8.1.tgz. Extracting by manifest.
28 http fetch POST 200 https://registry.npmjs.org/-/npm/v1/security/advisories/bulk 173ms
29 silly audit report {}
30 http fetch GET 200 https://registry.npmjs.org/prettier/-/prettier-3.8.1.tgz 181ms (cache miss)
31 verbose cwd /var/www/cortexbuild-ultimate
32 verbose os Linux 6.8.0-90-generic
33 verbose node v24.14.0
34 verbose npm  v11.9.0
35 verbose exit 2
36 verbose code 2
